Compiled jquery.js  (3ms)  (pid 25739)
Compiled jquery_ujs.js  (0ms)  (pid 25739)
Compiled twitter/bootstrap/bootstrap-transition.js  (0ms)  (pid 25739)
Compiled twitter/bootstrap/bootstrap-alert.js  (0ms)  (pid 25739)
Compiled twitter/bootstrap/bootstrap-modal.js  (0ms)  (pid 25739)
Compiled twitter/bootstrap/bootstrap-dropdown.js  (0ms)  (pid 25739)
Compiled twitter/bootstrap/bootstrap-scrollspy.js  (0ms)  (pid 25739)
Compiled twitter/bootstrap/bootstrap-tab.js  (0ms)  (pid 25739)
Compiled twitter/bootstrap/bootstrap-tooltip.js  (0ms)  (pid 25739)
Compiled twitter/bootstrap/bootstrap-popover.js  (0ms)  (pid 25739)
Compiled twitter/bootstrap/bootstrap-button.js  (0ms)  (pid 25739)
Compiled twitter/bootstrap/bootstrap-collapse.js  (0ms)  (pid 25739)
Compiled twitter/bootstrap/bootstrap-carousel.js  (0ms)  (pid 25739)
Compiled twitter/bootstrap/bootstrap-typeahead.js  (0ms)  (pid 25739)
Compiled twitter/bootstrap/bootstrap-affix.js  (0ms)  (pid 25739)
Compiled twitter/bootstrap.js  (214ms)  (pid 25739)
Compiled bootstrap.js  (0ms)  (pid 25739)
Compiled users.js  (0ms)  (pid 25739)
Compiled application.js  (347ms)  (pid 25739)
Compiled artist.css  (0ms)  (pid 25739)
Compiled bootstrap_and_overrides.css  (1463ms)  (pid 25739)
Compiled button.css  (0ms)  (pid 25739)
Compiled comments.css  (5ms)  (pid 25739)
Compiled fb-buttons.css  (9ms)  (pid 25739)
Compiled flat-ui.css  (0ms)  (pid 25739)
Compiled ribbon.css  (0ms)  (pid 25739)
Compiled users.css  (91ms)  (pid 25739)
Compiled application.css  (1717ms)  (pid 25739)
Compiled jquery.js  (3ms)  (pid 25739)
Compiled jquery_ujs.js  (0ms)  (pid 25739)
Compiled twitter/bootstrap/bootstrap-transition.js  (0ms)  (pid 25739)
Compiled twitter/bootstrap/bootstrap-alert.js  (0ms)  (pid 25739)
Compiled twitter/bootstrap/bootstrap-modal.js  (0ms)  (pid 25739)
Compiled twitter/bootstrap/bootstrap-dropdown.js  (0ms)  (pid 25739)
Compiled twitter/bootstrap/bootstrap-scrollspy.js  (0ms)  (pid 25739)
Compiled twitter/bootstrap/bootstrap-tab.js  (0ms)  (pid 25739)
Compiled twitter/bootstrap/bootstrap-tooltip.js  (0ms)  (pid 25739)
Compiled twitter/bootstrap/bootstrap-popover.js  (0ms)  (pid 25739)
Compiled twitter/bootstrap/bootstrap-button.js  (0ms)  (pid 25739)
Compiled twitter/bootstrap/bootstrap-collapse.js  (0ms)  (pid 25739)
Compiled twitter/bootstrap/bootstrap-carousel.js  (0ms)  (pid 25739)
Compiled twitter/bootstrap/bootstrap-typeahead.js  (1ms)  (pid 25739)
Compiled twitter/bootstrap/bootstrap-affix.js  (0ms)  (pid 25739)
Compiled twitter/bootstrap.js  (237ms)  (pid 25739)
Compiled bootstrap.js  (0ms)  (pid 25739)
Compiled users.js  (1ms)  (pid 25739)
Compiled application.js  (343ms)  (pid 25739)
Compiled artist.css  (0ms)  (pid 25739)
Compiled bootstrap_and_overrides.css  (1345ms)  (pid 25739)
Compiled button.css  (0ms)  (pid 25739)
Compiled comments.css  (4ms)  (pid 25739)
Compiled fb-buttons.css  (8ms)  (pid 25739)
Compiled flat-ui.css  (144ms)  (pid 25739)
Compiled ribbon.css  (0ms)  (pid 25739)
Compiled users.css  (27ms)  (pid 25739)
Compiled application.css  (1590ms)  (pid 25739)
Compiled jquery.js  (3ms)  (pid 26941)
Compiled jquery_ujs.js  (0ms)  (pid 26941)
Compiled twitter/bootstrap/bootstrap-transition.js  (0ms)  (pid 26941)
Compiled twitter/bootstrap/bootstrap-alert.js  (1ms)  (pid 26941)
Compiled twitter/bootstrap/bootstrap-modal.js  (0ms)  (pid 26941)
Compiled twitter/bootstrap/bootstrap-dropdown.js  (0ms)  (pid 26941)
Compiled twitter/bootstrap/bootstrap-scrollspy.js  (0ms)  (pid 26941)
Compiled twitter/bootstrap/bootstrap-tab.js  (0ms)  (pid 26941)
Compiled twitter/bootstrap/bootstrap-tooltip.js  (0ms)  (pid 26941)
Compiled twitter/bootstrap/bootstrap-popover.js  (0ms)  (pid 26941)
Compiled twitter/bootstrap/bootstrap-button.js  (0ms)  (pid 26941)
Compiled twitter/bootstrap/bootstrap-collapse.js  (0ms)  (pid 26941)
Compiled twitter/bootstrap/bootstrap-carousel.js  (0ms)  (pid 26941)
Compiled twitter/bootstrap/bootstrap-typeahead.js  (0ms)  (pid 26941)
Compiled twitter/bootstrap/bootstrap-affix.js  (0ms)  (pid 26941)
Compiled twitter/bootstrap.js  (200ms)  (pid 26941)
Compiled bootstrap.js  (0ms)  (pid 26941)
Compiled users.js  (0ms)  (pid 26941)
Compiled application.js  (445ms)  (pid 26941)
Compiled artist.css  (0ms)  (pid 26941)
Compiled bootstrap_and_overrides.css  (1570ms)  (pid 26941)
Compiled button.css  (0ms)  (pid 26941)
Compiled comments.css  (5ms)  (pid 26941)
Compiled fb-buttons.css  (9ms)  (pid 26941)
Compiled flat-ui.css  (0ms)  (pid 26941)
Compiled ribbon.css  (0ms)  (pid 26941)
Compiled users.css  (225ms)  (pid 26941)
Compiled application.css  (2338ms)  (pid 26941)
Compiled jquery.js  (2ms)  (pid 26941)
Compiled jquery_ujs.js  (0ms)  (pid 26941)
Compiled twitter/bootstrap/bootstrap-transition.js  (0ms)  (pid 26941)
Compiled twitter/bootstrap/bootstrap-alert.js  (0ms)  (pid 26941)
Compiled twitter/bootstrap/bootstrap-modal.js  (0ms)  (pid 26941)
Compiled twitter/bootstrap/bootstrap-dropdown.js  (0ms)  (pid 26941)
Compiled twitter/bootstrap/bootstrap-scrollspy.js  (0ms)  (pid 26941)
Compiled twitter/bootstrap/bootstrap-tab.js  (0ms)  (pid 26941)
Compiled twitter/bootstrap/bootstrap-tooltip.js  (0ms)  (pid 26941)
Compiled twitter/bootstrap/bootstrap-popover.js  (0ms)  (pid 26941)
Compiled twitter/bootstrap/bootstrap-button.js  (0ms)  (pid 26941)
Compiled twitter/bootstrap/bootstrap-collapse.js  (0ms)  (pid 26941)
Compiled twitter/bootstrap/bootstrap-carousel.js  (0ms)  (pid 26941)
Compiled twitter/bootstrap/bootstrap-typeahead.js  (0ms)  (pid 26941)
Compiled twitter/bootstrap/bootstrap-affix.js  (0ms)  (pid 26941)
Compiled twitter/bootstrap.js  (190ms)  (pid 26941)
Compiled bootstrap.js  (0ms)  (pid 26941)
Compiled users.js  (0ms)  (pid 26941)
Compiled application.js  (361ms)  (pid 26941)
Compiled artist.css  (0ms)  (pid 26941)
Compiled bootstrap_and_overrides.css  (1183ms)  (pid 26941)
Compiled button.css  (0ms)  (pid 26941)
Compiled comments.css  (5ms)  (pid 26941)
Compiled fb-buttons.css  (9ms)  (pid 26941)
Compiled flat-ui.css  (0ms)  (pid 26941)
Compiled ribbon.css  (0ms)  (pid 26941)
Compiled users.css  (81ms)  (pid 26941)
Compiled application.css  (1555ms)  (pid 26941)
